<?xml version="1.0" encoding="UTF-8"?>
<!-- Generated by org.testng.reporters.JUnitXMLReporter -->
<testsuite hostname="LAPTOP-HHN7D2TC" ignored="4" name="Test" tests="2" failures="0" timestamp="2021-04-01T17:38:55 IST" time="8.783" errors="0">
  <testcase name="hotel" time="5.431" classname="com.ebanking.master.Bookhotel"/>
  <testcase name="Changepwd" time="1.444" classname="com.ebanking.master.Cpassword"/>
  <testcase name="@AfterTest afterTest" time="0.0" classname="com.ebanking.master.Baseadctin">
    <ignored/>
  </testcase> <!-- @AfterTest afterTest -->
  <testcase name="@AfterSuite afterSuite" time="0.0" classname="com.ebanking.master.Baseadctin">
    <ignored/>
  </testcase> <!-- @AfterSuite afterSuite -->
  <testcase name="@BeforeTest beforeTest" time="0.0" classname="com.ebanking.master.Baseadctin">
    <ignored/>
  </testcase> <!-- @BeforeTest beforeTest -->
  <testcase name="@BeforeSuite beforeSuite" time="0.0" classname="com.ebanking.master.Baseadctin">
    <ignored/>
  </testcase> <!-- @BeforeSuite beforeSuite -->
</testsuite> <!-- Test -->
