<?xml version="1.0" encoding="UTF-8"?>
<testng-results skipped="0" failed="0" ignored="0" total="1" passed="1">
  <reporter-output>
  </reporter-output>
  <suite name="Suite" duration-ms="28773" started-at="2021-04-05T12:25:51 IST" finished-at="2021-04-05T12:26:20 IST">
    <groups>
    </groups>
    <test name="On firefox" duration-ms="28773" started-at="2021-04-05T12:25:51 IST" finished-at="2021-04-05T12:26:20 IST">
      <class name="com.ebanking.master.Grid">
        <test-method status="PASS" signature="GD(java.lang.String)[pri:0, instance:com.ebanking.master.Grid@7b49cea0]" name="GD" duration-ms="28703" started-at="2021-04-05T12:25:51 IST" finished-at="2021-04-05T12:26:20 IST">
          <params>
            <param index="0">
              <value>
                <![CDATA[firefox]]>
              </value>
            </param>
          </params>
          <reporter-output>
          </reporter-output>
        </test-method> <!-- GD -->
      </class> <!-- com.ebanking.master.Grid -->
    </test> <!-- On firefox -->
  </suite> <!-- Suite -->
</testng-results>
